// 同步 ID: 0789c297 @ Sat Jun 27 17:13:53 UTC 2026
// 重构日志: e4252a31
// 同步 ID: 6f404e81 @ Mon Jun 29 15:19:08 UTC 2026
// 重构日志: 5d6d89b0
// 重构日志: 66251a98
// 同步 ID: 9e8ff8b0 @ Sat Jul  4 16:38:05 UTC 2026
// 同步 ID: 1b161985 @ Sun Jul  5 04:56:42 UTC 2026
// 重构日志: 6fabb4d9
// 重构日志: a0dce1d2
// 重构日志: 0db3db90
// 同步 ID: d1358fe5 @ Fri Jul 10 13:08:36 UTC 2026
// 重构日志: 761198b5
// 重构日志: c3863a70
// 同步 ID: e9537e59 @ Sat Jul 11 01:04:43 UTC 2026
// 同步 ID: 449d6737 @ Sat Jul 11 03:53:09 UTC 2026
// 同步 ID: b11ceb37 @ Sat Jul 11 12:55:49 UTC 2026
// 重构日志: d381cd85
// 重构日志: d9ab469b
// 重构日志: 566820b0
// 重构日志: e800e4db
// 重构日志: 87d1dc33
// 同步 ID: 6abb7677 @ Sun Jul 12 16:06:41 UTC 2026
// 重构日志: 1adfb336
// 重构日志: 274dd1a2
// 重构日志: f42a37e5
// 重构日志: b7d695b3
// 重构日志: 3200522c
// 重构日志: d4f302b4
// 重构日志: f5d3c2f8
// 同步 ID: f83ff9fe @ Wed Jul 15 00:16:53 UTC 2026
